[debug] [2019-08-06T23:03:02.637Z] ----------------------------------------------------------------------
[debug] [2019-08-06T23:03:02.639Z] Command:       /usr/local/Cellar/node/12.1.0/bin/node /usr/local/bin/firebase deploy --only functions
[debug] [2019-08-06T23:03:02.639Z] CLI Version:   7.2.2
[debug] [2019-08-06T23:03:02.639Z] Platform:      darwin
[debug] [2019-08-06T23:03:02.639Z] Node Version:  v12.1.0
[debug] [2019-08-06T23:03:02.640Z] Time:          Tue Aug 06 2019 19:03:02 GMT-0400 (Eastern Daylight Time)
[debug] [2019-08-06T23:03:02.640Z] ----------------------------------------------------------------------
[debug] 
[debug] [2019-08-06T23:03:02.648Z] > command requires scopes: ["email","openid","https://www.googleapis.com/auth/cloudplatformprojects.readonly","https://www.googleapis.com/auth/firebase","https://www.googleapis.com/auth/cloud-platform"]
[debug] [2019-08-06T23:03:02.649Z] > authorizing via signed-in user
[debug] [2019-08-06T23:03:02.649Z] [iam] checking project dgcard-serveless for permissions ["cloudfunctions.functions.create","cloudfunctions.functions.delete","cloudfunctions.functions.get","cloudfunctions.functions.list","cloudfunctions.functions.update","cloudfunctions.operations.get","firebase.projects.get"]
[debug] [2019-08-06T23:03:02.650Z] >>> HTTP REQUEST POST https://cloudresourcemanager.googleapis.com/v1/projects/dgcard-serveless:testIamPermissions  

[debug] [2019-08-06T23:03:02.889Z] <<< HTTP RESPONSE 200
[info] 
[info] === Deploying to 'dgcard-serveless'...
[info] 
[info] i  deploying functions
[debug] [2019-08-06T23:03:02.895Z] TypeError [ERR_INVALID_ARG_TYPE]: The "path" argument must be of type string. Received type undefined
    at validateString (internal/validators.js:107:11)
    at Object.join (path.js:1037:7)
    at Config.path (/usr/local/lib/node_modules/firebase-tools/lib/config.js:149:39)
    at getChildEnvironment (/usr/local/lib/node_modules/firebase-tools/lib/deploy/lifecycleHooks.js:50:49)
    at runTargetCommands (/usr/local/lib/node_modules/firebase-tools/lib/deploy/lifecycleHooks.js:71:14)
    at /usr/local/lib/node_modules/firebase-tools/lib/deploy/lifecycleHooks.js:122:24
    at processTicksAndRejections (internal/process/task_queues.js:89:5)
[error] 
[error] Error: An unexpected error has occurred.
